<?xml version="1.0" encoding="UTF-8"?>
<!-- Generated by org.testng.reporters.JUnitReportReporter -->
<testsuite skipped="0" hostname="DESKTOP-TTNDD5P" name="com.testscripts.VerifyHomePageTest" tests="1" failures="0" timestamp="30 Jun 2019 12:25:41 GMT" time="0.618" errors="0">
  <testcase name="VerifyHome" time="0.618" classname="com.testscripts.VerifyHomePageTest"/>
</testsuite> <!-- com.testscripts.VerifyHomePageTest -->
