<?xml version="1.0" encoding="UTF-8"?>
<!-- Generated by org.testng.reporters.JUnitReportReporter -->
<testsuite hostname="DESKTOP-TTNDD5P" name="com.testscripts.VerifyHomePageTest" tests="1" failures="0" timestamp="30 Jun 2019 12:26:12 GMT" time="0.792" errors="0">
  <testcase name="VerifyHome" time="0.792" classname="com.testscripts.VerifyHomePageTest"/>
</testsuite> <!-- com.testscripts.VerifyHomePageTest -->
