<?xml version="1.0" encoding="UTF-8"?>
<!-- Generated by org.testng.reporters.JUnitReportReporter -->
<testsuite hostname="DESKTOP-TTNDD5P" name="com.testscripts.VerifyLoginTest" tests="1" failures="0" timestamp="30 Jun 2019 12:26:12 GMT" time="1.047" errors="0">
  <testcase name="Login" time="1.047" classname="com.testscripts.VerifyLoginTest"/>
</testsuite> <!-- com.testscripts.VerifyLoginTest -->
